ARM GAS  C:\Users\billa\AppData\Local\Temp\ccZ0lTPY.s 			page 1


   1              		.cpu cortex-m7
   2              		.arch armv7e-m
   3              		.fpu fpv5-sp-d16
   4              		.eabi_attribute 27, 1
   5              		.eabi_attribute 28, 1
   6              		.eabi_attribute 20, 1
   7              		.eabi_attribute 21, 1
   8              		.eabi_attribute 23, 3
   9              		.eabi_attribute 24, 1
  10              		.eabi_attribute 25, 1
  11              		.eabi_attribute 26, 1
  12              		.eabi_attribute 30, 1
  13              		.eabi_attribute 34, 1
  14              		.eabi_attribute 18, 4
  15              		.file	"gpio.c"
  16              		.text
  17              	.Ltext0:
  18              		.cfi_sections	.debug_frame
  19              		.file 1 "Core/Src/gpio.c"
  20              		.section	.text.MX_GPIO_Init,"ax",%progbits
  21              		.align	1
  22              		.global	MX_GPIO_Init
  23              		.syntax unified
  24              		.thumb
  25              		.thumb_func
  27              	MX_GPIO_Init:
  28              	.LFB141:
   1:Core/Src/gpio.c **** /* USER CODE BEGIN Header */
   2:Core/Src/gpio.c **** /**
   3:Core/Src/gpio.c ****   ******************************************************************************
   4:Core/Src/gpio.c ****   * @file    gpio.c
   5:Core/Src/gpio.c ****   * @brief   This file provides code for the configuration
   6:Core/Src/gpio.c ****   *          of all used GPIO pins.
   7:Core/Src/gpio.c ****   ******************************************************************************
   8:Core/Src/gpio.c ****   * @attention
   9:Core/Src/gpio.c ****   *
  10:Core/Src/gpio.c ****   * Copyright (c) 2023 STMicroelectronics.
  11:Core/Src/gpio.c ****   * All rights reserved.
  12:Core/Src/gpio.c ****   *
  13:Core/Src/gpio.c ****   * This software is licensed under terms that can be found in the LICENSE file
  14:Core/Src/gpio.c ****   * in the root directory of this software component.
  15:Core/Src/gpio.c ****   * If no LICENSE file comes with this software, it is provided AS-IS.
  16:Core/Src/gpio.c ****   *
  17:Core/Src/gpio.c ****   ******************************************************************************
  18:Core/Src/gpio.c ****   */
  19:Core/Src/gpio.c **** /* USER CODE END Header */
  20:Core/Src/gpio.c **** 
  21:Core/Src/gpio.c **** /* Includes ------------------------------------------------------------------*/
  22:Core/Src/gpio.c **** #include "gpio.h"
  23:Core/Src/gpio.c **** 
  24:Core/Src/gpio.c **** /* USER CODE BEGIN 0 */
  25:Core/Src/gpio.c **** 
  26:Core/Src/gpio.c **** /* USER CODE END 0 */
  27:Core/Src/gpio.c **** 
  28:Core/Src/gpio.c **** /*----------------------------------------------------------------------------*/
  29:Core/Src/gpio.c **** /* Configure GPIO                                                             */
  30:Core/Src/gpio.c **** /*----------------------------------------------------------------------------*/
ARM GAS  C:\Users\billa\AppData\Local\Temp\ccZ0lTPY.s 			page 2


  31:Core/Src/gpio.c **** /* USER CODE BEGIN 1 */
  32:Core/Src/gpio.c **** 
  33:Core/Src/gpio.c **** /* USER CODE END 1 */
  34:Core/Src/gpio.c **** 
  35:Core/Src/gpio.c **** /** Configure pins as
  36:Core/Src/gpio.c ****         * Analog
  37:Core/Src/gpio.c ****         * Input
  38:Core/Src/gpio.c ****         * Output
  39:Core/Src/gpio.c ****         * EVENT_OUT
  40:Core/Src/gpio.c ****         * EXTI
  41:Core/Src/gpio.c **** */
  42:Core/Src/gpio.c **** void MX_GPIO_Init(void)
  43:Core/Src/gpio.c **** {
  29              		.loc 1 43 1 view -0
  30              		.cfi_startproc
  31              		@ args = 0, pretend = 0, frame = 40
  32              		@ frame_needed = 0, uses_anonymous_args = 0
  33 0000 30B5     		push	{r4, r5, lr}
  34              		.cfi_def_cfa_offset 12
  35              		.cfi_offset 4, -12
  36              		.cfi_offset 5, -8
  37              		.cfi_offset 14, -4
  38 0002 8BB0     		sub	sp, sp, #44
  39              		.cfi_def_cfa_offset 56
  44:Core/Src/gpio.c **** 
  45:Core/Src/gpio.c ****   GPIO_InitTypeDef GPIO_InitStruct = {0};
  40              		.loc 1 45 3 view .LVU1
  41              		.loc 1 45 20 is_stmt 0 view .LVU2
  42 0004 0024     		movs	r4, #0
  43 0006 0594     		str	r4, [sp, #20]
  44 0008 0694     		str	r4, [sp, #24]
  45 000a 0794     		str	r4, [sp, #28]
  46 000c 0894     		str	r4, [sp, #32]
  47 000e 0994     		str	r4, [sp, #36]
  46:Core/Src/gpio.c **** 
  47:Core/Src/gpio.c ****   /* GPIO Ports Clock Enable */
  48:Core/Src/gpio.c ****   __HAL_RCC_GPIOA_CLK_ENABLE();
  48              		.loc 1 48 3 is_stmt 1 view .LVU3
  49              	.LBB2:
  50              		.loc 1 48 3 view .LVU4
  51              		.loc 1 48 3 view .LVU5
  52 0010 1B4B     		ldr	r3, .L3
  53 0012 1A6B     		ldr	r2, [r3, #48]
  54 0014 42F00102 		orr	r2, r2, #1
  55 0018 1A63     		str	r2, [r3, #48]
  56              		.loc 1 48 3 view .LVU6
  57 001a 1A6B     		ldr	r2, [r3, #48]
  58 001c 02F00102 		and	r2, r2, #1
  59 0020 0192     		str	r2, [sp, #4]
  60              		.loc 1 48 3 view .LVU7
  61 0022 019A     		ldr	r2, [sp, #4]
  62              	.LBE2:
  63              		.loc 1 48 3 view .LVU8
  49:Core/Src/gpio.c ****   __HAL_RCC_GPIOB_CLK_ENABLE();
  64              		.loc 1 49 3 view .LVU9
  65              	.LBB3:
  66              		.loc 1 49 3 view .LVU10
ARM GAS  C:\Users\billa\AppData\Local\Temp\ccZ0lTPY.s 			page 3


  67              		.loc 1 49 3 view .LVU11
  68 0024 1A6B     		ldr	r2, [r3, #48]
  69 0026 42F00202 		orr	r2, r2, #2
  70 002a 1A63     		str	r2, [r3, #48]
  71              		.loc 1 49 3 view .LVU12
  72 002c 1A6B     		ldr	r2, [r3, #48]
  73 002e 02F00202 		and	r2, r2, #2
  74 0032 0292     		str	r2, [sp, #8]
  75              		.loc 1 49 3 view .LVU13
  76 0034 029A     		ldr	r2, [sp, #8]
  77              	.LBE3:
  78              		.loc 1 49 3 view .LVU14
  50:Core/Src/gpio.c ****   __HAL_RCC_GPIOI_CLK_ENABLE();
  79              		.loc 1 50 3 view .LVU15
  80              	.LBB4:
  81              		.loc 1 50 3 view .LVU16
  82              		.loc 1 50 3 view .LVU17
  83 0036 1A6B     		ldr	r2, [r3, #48]
  84 0038 42F48072 		orr	r2, r2, #256
  85 003c 1A63     		str	r2, [r3, #48]
  86              		.loc 1 50 3 view .LVU18
  87 003e 1A6B     		ldr	r2, [r3, #48]
  88 0040 02F48072 		and	r2, r2, #256
  89 0044 0392     		str	r2, [sp, #12]
  90              		.loc 1 50 3 view .LVU19
  91 0046 039A     		ldr	r2, [sp, #12]
  92              	.LBE4:
  93              		.loc 1 50 3 view .LVU20
  51:Core/Src/gpio.c ****   __HAL_RCC_GPIOH_CLK_ENABLE();
  94              		.loc 1 51 3 view .LVU21
  95              	.LBB5:
  96              		.loc 1 51 3 view .LVU22
  97              		.loc 1 51 3 view .LVU23
  98 0048 1A6B     		ldr	r2, [r3, #48]
  99 004a 42F08002 		orr	r2, r2, #128
 100 004e 1A63     		str	r2, [r3, #48]
 101              		.loc 1 51 3 view .LVU24
 102 0050 1B6B     		ldr	r3, [r3, #48]
 103 0052 03F08003 		and	r3, r3, #128
 104 0056 0493     		str	r3, [sp, #16]
 105              		.loc 1 51 3 view .LVU25
 106 0058 049B     		ldr	r3, [sp, #16]
 107              	.LBE5:
 108              		.loc 1 51 3 view .LVU26
  52:Core/Src/gpio.c **** 
  53:Core/Src/gpio.c ****   /*Configure GPIO pin Output Level */
  54:Core/Src/gpio.c ****   HAL_GPIO_WritePin(LED_GPIO_Port, LED_Pin, GPIO_PIN_RESET);
 109              		.loc 1 54 3 view .LVU27
 110 005a 0A4D     		ldr	r5, .L3+4
 111 005c 2246     		mov	r2, r4
 112 005e 0221     		movs	r1, #2
 113 0060 2846     		mov	r0, r5
 114 0062 FFF7FEFF 		bl	HAL_GPIO_WritePin
 115              	.LVL0:
  55:Core/Src/gpio.c **** 
  56:Core/Src/gpio.c ****   /*Configure GPIO pin : PtPin */
  57:Core/Src/gpio.c ****   GPIO_InitStruct.Pin = LED_Pin;
ARM GAS  C:\Users\billa\AppData\Local\Temp\ccZ0lTPY.s 			page 4


 116              		.loc 1 57 3 view .LVU28
 117              		.loc 1 57 23 is_stmt 0 view .LVU29
 118 0066 0223     		movs	r3, #2
 119 0068 0593     		str	r3, [sp, #20]
  58:Core/Src/gpio.c ****   GPIO_InitStruct.Mode = GPIO_MODE_OUTPUT_PP;
 120              		.loc 1 58 3 is_stmt 1 view .LVU30
 121              		.loc 1 58 24 is_stmt 0 view .LVU31
 122 006a 0123     		movs	r3, #1
 123 006c 0693     		str	r3, [sp, #24]
  59:Core/Src/gpio.c ****   GPIO_InitStruct.Pull = GPIO_NOPULL;
 124              		.loc 1 59 3 is_stmt 1 view .LVU32
 125              		.loc 1 59 24 is_stmt 0 view .LVU33
 126 006e 0794     		str	r4, [sp, #28]
  60:Core/Src/gpio.c ****   GPIO_InitStruct.Speed = GPIO_SPEED_FREQ_LOW;
 127              		.loc 1 60 3 is_stmt 1 view .LVU34
 128              		.loc 1 60 25 is_stmt 0 view .LVU35
 129 0070 0894     		str	r4, [sp, #32]
  61:Core/Src/gpio.c ****   HAL_GPIO_Init(LED_GPIO_Port, &GPIO_InitStruct);
 130              		.loc 1 61 3 is_stmt 1 view .LVU36
 131 0072 05A9     		add	r1, sp, #20
 132 0074 2846     		mov	r0, r5
 133 0076 FFF7FEFF 		bl	HAL_GPIO_Init
 134              	.LVL1:
  62:Core/Src/gpio.c **** 
  63:Core/Src/gpio.c **** }
 135              		.loc 1 63 1 is_stmt 0 view .LVU37
 136 007a 0BB0     		add	sp, sp, #44
 137              		.cfi_def_cfa_offset 12
 138              		@ sp needed
 139 007c 30BD     		pop	{r4, r5, pc}
 140              	.L4:
 141 007e 00BF     		.align	2
 142              	.L3:
 143 0080 00380240 		.word	1073887232
 144 0084 00200240 		.word	1073881088
 145              		.cfi_endproc
 146              	.LFE141:
 148              		.text
 149              	.Letext0:
 150              		.file 2 "c:\\users\\billa\\appdata\\roaming\\code\\user\\globalstorage\\bmd.stm32-for-vscode\\@xpa
 151              		.file 3 "c:\\users\\billa\\appdata\\roaming\\code\\user\\globalstorage\\bmd.stm32-for-vscode\\@xpa
 152              		.file 4 "Drivers/CMSIS/Device/ST/STM32F7xx/Include/stm32f746xx.h"
 153              		.file 5 "Drivers/STM32F7xx_HAL_Driver/Inc/stm32f7xx_hal_gpio.h"
ARM GAS  C:\Users\billa\AppData\Local\Temp\ccZ0lTPY.s 			page 5


DEFINED SYMBOLS
                            *ABS*:0000000000000000 gpio.c
C:\Users\billa\AppData\Local\Temp\ccZ0lTPY.s:21     .text.MX_GPIO_Init:0000000000000000 $t
C:\Users\billa\AppData\Local\Temp\ccZ0lTPY.s:27     .text.MX_GPIO_Init:0000000000000000 MX_GPIO_Init
C:\Users\billa\AppData\Local\Temp\ccZ0lTPY.s:143    .text.MX_GPIO_Init:0000000000000080 $d

UNDEFINED SYMBOLS
HAL_GPIO_WritePin
HAL_GPIO_Init
