ARM GAS  C:\Users\billa\AppData\Local\Temp\ccohD36j.s 			page 1


   1              		.cpu cortex-m7
   2              		.arch armv7e-m
   3              		.fpu fpv5-sp-d16
   4              		.eabi_attribute 27, 1
   5              		.eabi_attribute 28, 1
   6              		.eabi_attribute 20, 1
   7              		.eabi_attribute 21, 1
   8              		.eabi_attribute 23, 3
   9              		.eabi_attribute 24, 1
  10              		.eabi_attribute 25, 1
  11              		.eabi_attribute 26, 1
  12              		.eabi_attribute 30, 1
  13              		.eabi_attribute 34, 1
  14              		.eabi_attribute 18, 4
  15              		.file	"usart.c"
  16              		.text
  17              	.Ltext0:
  18              		.cfi_sections	.debug_frame
  19              		.file 1 "Core/Src/usart.c"
  20              		.section	.text.MX_USART1_UART_Init,"ax",%progbits
  21              		.align	1
  22              		.global	MX_USART1_UART_Init
  23              		.syntax unified
  24              		.thumb
  25              		.thumb_func
  27              	MX_USART1_UART_Init:
  28              	.LFB141:
   1:Core/Src/usart.c **** /* USER CODE BEGIN Header */
   2:Core/Src/usart.c **** /**
   3:Core/Src/usart.c ****   ******************************************************************************
   4:Core/Src/usart.c ****   * @file    usart.c
   5:Core/Src/usart.c ****   * @brief   This file provides code for the configuration
   6:Core/Src/usart.c ****   *          of the USART instances.
   7:Core/Src/usart.c ****   ******************************************************************************
   8:Core/Src/usart.c ****   * @attention
   9:Core/Src/usart.c ****   *
  10:Core/Src/usart.c ****   * Copyright (c) 2022 STMicroelectronics.
  11:Core/Src/usart.c ****   * All rights reserved.
  12:Core/Src/usart.c ****   *
  13:Core/Src/usart.c ****   * This software is licensed under terms that can be found in the LICENSE file
  14:Core/Src/usart.c ****   * in the root directory of this software component.
  15:Core/Src/usart.c ****   * If no LICENSE file comes with this software, it is provided AS-IS.
  16:Core/Src/usart.c ****   *
  17:Core/Src/usart.c ****   ******************************************************************************
  18:Core/Src/usart.c ****   */
  19:Core/Src/usart.c **** /* USER CODE END Header */
  20:Core/Src/usart.c **** /* Includes ------------------------------------------------------------------*/
  21:Core/Src/usart.c **** #include "usart.h"
  22:Core/Src/usart.c **** 
  23:Core/Src/usart.c **** /* USER CODE BEGIN 0 */
  24:Core/Src/usart.c **** 
  25:Core/Src/usart.c **** /* USER CODE END 0 */
  26:Core/Src/usart.c **** 
  27:Core/Src/usart.c **** UART_HandleTypeDef huart1;
  28:Core/Src/usart.c **** 
  29:Core/Src/usart.c **** /* USART1 init function */
  30:Core/Src/usart.c **** 
ARM GAS  C:\Users\billa\AppData\Local\Temp\ccohD36j.s 			page 2


  31:Core/Src/usart.c **** void MX_USART1_UART_Init(void)
  32:Core/Src/usart.c **** {
  29              		.loc 1 32 1 view -0
  30              		.cfi_startproc
  31              		@ args = 0, pretend = 0, frame = 0
  32              		@ frame_needed = 0, uses_anonymous_args = 0
  33 0000 08B5     		push	{r3, lr}
  34              		.cfi_def_cfa_offset 8
  35              		.cfi_offset 3, -8
  36              		.cfi_offset 14, -4
  33:Core/Src/usart.c **** 
  34:Core/Src/usart.c ****   /* USER CODE BEGIN USART1_Init 0 */
  35:Core/Src/usart.c **** 
  36:Core/Src/usart.c ****   /* USER CODE END USART1_Init 0 */
  37:Core/Src/usart.c **** 
  38:Core/Src/usart.c ****   /* USER CODE BEGIN USART1_Init 1 */
  39:Core/Src/usart.c **** 
  40:Core/Src/usart.c ****   /* USER CODE END USART1_Init 1 */
  41:Core/Src/usart.c ****   huart1.Instance = USART1;
  37              		.loc 1 41 3 view .LVU1
  38              		.loc 1 41 19 is_stmt 0 view .LVU2
  39 0002 0B48     		ldr	r0, .L5
  40 0004 0B4B     		ldr	r3, .L5+4
  41 0006 0360     		str	r3, [r0]
  42:Core/Src/usart.c ****   huart1.Init.BaudRate = 115200;
  42              		.loc 1 42 3 is_stmt 1 view .LVU3
  43              		.loc 1 42 24 is_stmt 0 view .LVU4
  44 0008 4FF4E133 		mov	r3, #115200
  45 000c 4360     		str	r3, [r0, #4]
  43:Core/Src/usart.c ****   huart1.Init.WordLength = UART_WORDLENGTH_8B;
  46              		.loc 1 43 3 is_stmt 1 view .LVU5
  47              		.loc 1 43 26 is_stmt 0 view .LVU6
  48 000e 0023     		movs	r3, #0
  49 0010 8360     		str	r3, [r0, #8]
  44:Core/Src/usart.c ****   huart1.Init.StopBits = UART_STOPBITS_1;
  50              		.loc 1 44 3 is_stmt 1 view .LVU7
  51              		.loc 1 44 24 is_stmt 0 view .LVU8
  52 0012 C360     		str	r3, [r0, #12]
  45:Core/Src/usart.c ****   huart1.Init.Parity = UART_PARITY_NONE;
  53              		.loc 1 45 3 is_stmt 1 view .LVU9
  54              		.loc 1 45 22 is_stmt 0 view .LVU10
  55 0014 0361     		str	r3, [r0, #16]
  46:Core/Src/usart.c ****   huart1.Init.Mode = UART_MODE_TX_RX;
  56              		.loc 1 46 3 is_stmt 1 view .LVU11
  57              		.loc 1 46 20 is_stmt 0 view .LVU12
  58 0016 0C22     		movs	r2, #12
  59 0018 4261     		str	r2, [r0, #20]
  47:Core/Src/usart.c ****   huart1.Init.HwFlowCtl = UART_HWCONTROL_NONE;
  60              		.loc 1 47 3 is_stmt 1 view .LVU13
  61              		.loc 1 47 25 is_stmt 0 view .LVU14
  62 001a 8361     		str	r3, [r0, #24]
  48:Core/Src/usart.c ****   huart1.Init.OverSampling = UART_OVERSAMPLING_16;
  63              		.loc 1 48 3 is_stmt 1 view .LVU15
  64              		.loc 1 48 28 is_stmt 0 view .LVU16
  65 001c C361     		str	r3, [r0, #28]
  49:Core/Src/usart.c ****   huart1.Init.OneBitSampling = UART_ONE_BIT_SAMPLE_DISABLE;
  66              		.loc 1 49 3 is_stmt 1 view .LVU17
ARM GAS  C:\Users\billa\AppData\Local\Temp\ccohD36j.s 			page 3


  67              		.loc 1 49 30 is_stmt 0 view .LVU18
  68 001e 0362     		str	r3, [r0, #32]
  50:Core/Src/usart.c ****   huart1.AdvancedInit.AdvFeatureInit = UART_ADVFEATURE_NO_INIT;
  69              		.loc 1 50 3 is_stmt 1 view .LVU19
  70              		.loc 1 50 38 is_stmt 0 view .LVU20
  71 0020 4362     		str	r3, [r0, #36]
  51:Core/Src/usart.c ****   if (HAL_UART_Init(&huart1) != HAL_OK)
  72              		.loc 1 51 3 is_stmt 1 view .LVU21
  73              		.loc 1 51 7 is_stmt 0 view .LVU22
  74 0022 FFF7FEFF 		bl	HAL_UART_Init
  75              	.LVL0:
  76              		.loc 1 51 6 view .LVU23
  77 0026 00B9     		cbnz	r0, .L4
  78              	.L1:
  52:Core/Src/usart.c ****   {
  53:Core/Src/usart.c ****     Error_Handler();
  54:Core/Src/usart.c ****   }
  55:Core/Src/usart.c ****   /* USER CODE BEGIN USART1_Init 2 */
  56:Core/Src/usart.c **** 
  57:Core/Src/usart.c ****   /* USER CODE END USART1_Init 2 */
  58:Core/Src/usart.c **** 
  59:Core/Src/usart.c **** }
  79              		.loc 1 59 1 view .LVU24
  80 0028 08BD     		pop	{r3, pc}
  81              	.L4:
  53:Core/Src/usart.c ****   }
  82              		.loc 1 53 5 is_stmt 1 view .LVU25
  83 002a FFF7FEFF 		bl	Error_Handler
  84              	.LVL1:
  85              		.loc 1 59 1 is_stmt 0 view .LVU26
  86 002e FBE7     		b	.L1
  87              	.L6:
  88              		.align	2
  89              	.L5:
  90 0030 00000000 		.word	huart1
  91 0034 00100140 		.word	1073811456
  92              		.cfi_endproc
  93              	.LFE141:
  95              		.section	.text.HAL_UART_MspInit,"ax",%progbits
  96              		.align	1
  97              		.global	HAL_UART_MspInit
  98              		.syntax unified
  99              		.thumb
 100              		.thumb_func
 102              	HAL_UART_MspInit:
 103              	.LVL2:
 104              	.LFB142:
  60:Core/Src/usart.c **** 
  61:Core/Src/usart.c **** void HAL_UART_MspInit(UART_HandleTypeDef* uartHandle)
  62:Core/Src/usart.c **** {
 105              		.loc 1 62 1 is_stmt 1 view -0
 106              		.cfi_startproc
 107              		@ args = 0, pretend = 0, frame = 168
 108              		@ frame_needed = 0, uses_anonymous_args = 0
 109              		.loc 1 62 1 is_stmt 0 view .LVU28
 110 0000 70B5     		push	{r4, r5, r6, lr}
 111              		.cfi_def_cfa_offset 16
ARM GAS  C:\Users\billa\AppData\Local\Temp\ccohD36j.s 			page 4


 112              		.cfi_offset 4, -16
 113              		.cfi_offset 5, -12
 114              		.cfi_offset 6, -8
 115              		.cfi_offset 14, -4
 116 0002 AAB0     		sub	sp, sp, #168
 117              		.cfi_def_cfa_offset 184
 118 0004 0446     		mov	r4, r0
  63:Core/Src/usart.c **** 
  64:Core/Src/usart.c ****   GPIO_InitTypeDef GPIO_InitStruct = {0};
 119              		.loc 1 64 3 is_stmt 1 view .LVU29
 120              		.loc 1 64 20 is_stmt 0 view .LVU30
 121 0006 0021     		movs	r1, #0
 122 0008 2591     		str	r1, [sp, #148]
 123 000a 2691     		str	r1, [sp, #152]
 124 000c 2791     		str	r1, [sp, #156]
 125 000e 2891     		str	r1, [sp, #160]
 126 0010 2991     		str	r1, [sp, #164]
  65:Core/Src/usart.c ****   RCC_PeriphCLKInitTypeDef PeriphClkInitStruct = {0};
 127              		.loc 1 65 3 is_stmt 1 view .LVU31
 128              		.loc 1 65 28 is_stmt 0 view .LVU32
 129 0012 8422     		movs	r2, #132
 130 0014 04A8     		add	r0, sp, #16
 131              	.LVL3:
 132              		.loc 1 65 28 view .LVU33
 133 0016 FFF7FEFF 		bl	memset
 134              	.LVL4:
  66:Core/Src/usart.c ****   if(uartHandle->Instance==USART1)
 135              		.loc 1 66 3 is_stmt 1 view .LVU34
 136              		.loc 1 66 16 is_stmt 0 view .LVU35
 137 001a 2268     		ldr	r2, [r4]
 138              		.loc 1 66 5 view .LVU36
 139 001c 214B     		ldr	r3, .L13
 140 001e 9A42     		cmp	r2, r3
 141 0020 01D0     		beq	.L11
 142              	.LVL5:
 143              	.L7:
  67:Core/Src/usart.c ****   {
  68:Core/Src/usart.c ****   /* USER CODE BEGIN USART1_MspInit 0 */
  69:Core/Src/usart.c **** 
  70:Core/Src/usart.c ****   /* USER CODE END USART1_MspInit 0 */
  71:Core/Src/usart.c **** 
  72:Core/Src/usart.c ****   /** Initializes the peripherals clock
  73:Core/Src/usart.c ****   */
  74:Core/Src/usart.c ****     PeriphClkInitStruct.PeriphClockSelection = RCC_PERIPHCLK_USART1;
  75:Core/Src/usart.c ****     PeriphClkInitStruct.Usart1ClockSelection = RCC_USART1CLKSOURCE_PCLK2;
  76:Core/Src/usart.c ****     if (HAL_RCCEx_PeriphCLKConfig(&PeriphClkInitStruct) != HAL_OK)
  77:Core/Src/usart.c ****     {
  78:Core/Src/usart.c ****       Error_Handler();
  79:Core/Src/usart.c ****     }
  80:Core/Src/usart.c **** 
  81:Core/Src/usart.c ****     /* USART1 clock enable */
  82:Core/Src/usart.c ****     __HAL_RCC_USART1_CLK_ENABLE();
  83:Core/Src/usart.c **** 
  84:Core/Src/usart.c ****     __HAL_RCC_GPIOB_CLK_ENABLE();
  85:Core/Src/usart.c ****     __HAL_RCC_GPIOA_CLK_ENABLE();
  86:Core/Src/usart.c ****     /**USART1 GPIO Configuration
  87:Core/Src/usart.c ****     PB7     ------> USART1_RX
ARM GAS  C:\Users\billa\AppData\Local\Temp\ccohD36j.s 			page 5


  88:Core/Src/usart.c ****     PA9     ------> USART1_TX
  89:Core/Src/usart.c ****     */
  90:Core/Src/usart.c ****     GPIO_InitStruct.Pin = VCP_RX_Pin;
  91:Core/Src/usart.c ****     GPIO_InitStruct.Mode = GPIO_MODE_AF_PP;
  92:Core/Src/usart.c ****     GPIO_InitStruct.Pull = GPIO_NOPULL;
  93:Core/Src/usart.c ****     GPIO_InitStruct.Speed = GPIO_SPEED_FREQ_LOW;
  94:Core/Src/usart.c ****     GPIO_InitStruct.Alternate = GPIO_AF7_USART1;
  95:Core/Src/usart.c ****     HAL_GPIO_Init(VCP_RX_GPIO_Port, &GPIO_InitStruct);
  96:Core/Src/usart.c **** 
  97:Core/Src/usart.c ****     GPIO_InitStruct.Pin = VCP_TX_Pin;
  98:Core/Src/usart.c ****     GPIO_InitStruct.Mode = GPIO_MODE_AF_PP;
  99:Core/Src/usart.c ****     GPIO_InitStruct.Pull = GPIO_NOPULL;
 100:Core/Src/usart.c ****     GPIO_InitStruct.Speed = GPIO_SPEED_FREQ_LOW;
 101:Core/Src/usart.c ****     GPIO_InitStruct.Alternate = GPIO_AF7_USART1;
 102:Core/Src/usart.c ****     HAL_GPIO_Init(VCP_TX_GPIO_Port, &GPIO_InitStruct);
 103:Core/Src/usart.c **** 
 104:Core/Src/usart.c ****   /* USER CODE BEGIN USART1_MspInit 1 */
 105:Core/Src/usart.c **** 
 106:Core/Src/usart.c ****   /* USER CODE END USART1_MspInit 1 */
 107:Core/Src/usart.c ****   }
 108:Core/Src/usart.c **** }
 144              		.loc 1 108 1 view .LVU37
 145 0022 2AB0     		add	sp, sp, #168
 146              		.cfi_remember_state
 147              		.cfi_def_cfa_offset 16
 148              		@ sp needed
 149 0024 70BD     		pop	{r4, r5, r6, pc}
 150              	.LVL6:
 151              	.L11:
 152              		.cfi_restore_state
  74:Core/Src/usart.c ****     PeriphClkInitStruct.Usart1ClockSelection = RCC_USART1CLKSOURCE_PCLK2;
 153              		.loc 1 74 5 is_stmt 1 view .LVU38
  74:Core/Src/usart.c ****     PeriphClkInitStruct.Usart1ClockSelection = RCC_USART1CLKSOURCE_PCLK2;
 154              		.loc 1 74 46 is_stmt 0 view .LVU39
 155 0026 4023     		movs	r3, #64
 156 0028 0493     		str	r3, [sp, #16]
  75:Core/Src/usart.c ****     if (HAL_RCCEx_PeriphCLKConfig(&PeriphClkInitStruct) != HAL_OK)
 157              		.loc 1 75 5 is_stmt 1 view .LVU40
  76:Core/Src/usart.c ****     {
 158              		.loc 1 76 5 view .LVU41
  76:Core/Src/usart.c ****     {
 159              		.loc 1 76 9 is_stmt 0 view .LVU42
 160 002a 04A8     		add	r0, sp, #16
 161 002c FFF7FEFF 		bl	HAL_RCCEx_PeriphCLKConfig
 162              	.LVL7:
  76:Core/Src/usart.c ****     {
 163              		.loc 1 76 8 view .LVU43
 164 0030 0028     		cmp	r0, #0
 165 0032 34D1     		bne	.L12
 166              	.L9:
  82:Core/Src/usart.c **** 
 167              		.loc 1 82 5 is_stmt 1 view .LVU44
 168              	.LBB2:
  82:Core/Src/usart.c **** 
 169              		.loc 1 82 5 view .LVU45
  82:Core/Src/usart.c **** 
 170              		.loc 1 82 5 view .LVU46
ARM GAS  C:\Users\billa\AppData\Local\Temp\ccohD36j.s 			page 6


 171 0034 1C4B     		ldr	r3, .L13+4
 172 0036 5A6C     		ldr	r2, [r3, #68]
 173 0038 42F01002 		orr	r2, r2, #16
 174 003c 5A64     		str	r2, [r3, #68]
  82:Core/Src/usart.c **** 
 175              		.loc 1 82 5 view .LVU47
 176 003e 5A6C     		ldr	r2, [r3, #68]
 177 0040 02F01002 		and	r2, r2, #16
 178 0044 0192     		str	r2, [sp, #4]
  82:Core/Src/usart.c **** 
 179              		.loc 1 82 5 view .LVU48
 180 0046 019A     		ldr	r2, [sp, #4]
 181              	.LBE2:
  82:Core/Src/usart.c **** 
 182              		.loc 1 82 5 view .LVU49
  84:Core/Src/usart.c ****     __HAL_RCC_GPIOA_CLK_ENABLE();
 183              		.loc 1 84 5 view .LVU50
 184              	.LBB3:
  84:Core/Src/usart.c ****     __HAL_RCC_GPIOA_CLK_ENABLE();
 185              		.loc 1 84 5 view .LVU51
  84:Core/Src/usart.c ****     __HAL_RCC_GPIOA_CLK_ENABLE();
 186              		.loc 1 84 5 view .LVU52
 187 0048 1A6B     		ldr	r2, [r3, #48]
 188 004a 42F00202 		orr	r2, r2, #2
 189 004e 1A63     		str	r2, [r3, #48]
  84:Core/Src/usart.c ****     __HAL_RCC_GPIOA_CLK_ENABLE();
 190              		.loc 1 84 5 view .LVU53
 191 0050 1A6B     		ldr	r2, [r3, #48]
 192 0052 02F00202 		and	r2, r2, #2
 193 0056 0292     		str	r2, [sp, #8]
  84:Core/Src/usart.c ****     __HAL_RCC_GPIOA_CLK_ENABLE();
 194              		.loc 1 84 5 view .LVU54
 195 0058 029A     		ldr	r2, [sp, #8]
 196              	.LBE3:
  84:Core/Src/usart.c ****     __HAL_RCC_GPIOA_CLK_ENABLE();
 197              		.loc 1 84 5 view .LVU55
  85:Core/Src/usart.c ****     /**USART1 GPIO Configuration
 198              		.loc 1 85 5 view .LVU56
 199              	.LBB4:
  85:Core/Src/usart.c ****     /**USART1 GPIO Configuration
 200              		.loc 1 85 5 view .LVU57
  85:Core/Src/usart.c ****     /**USART1 GPIO Configuration
 201              		.loc 1 85 5 view .LVU58
 202 005a 1A6B     		ldr	r2, [r3, #48]
 203 005c 42F00102 		orr	r2, r2, #1
 204 0060 1A63     		str	r2, [r3, #48]
  85:Core/Src/usart.c ****     /**USART1 GPIO Configuration
 205              		.loc 1 85 5 view .LVU59
 206 0062 1B6B     		ldr	r3, [r3, #48]
 207 0064 03F00103 		and	r3, r3, #1
 208 0068 0393     		str	r3, [sp, #12]
  85:Core/Src/usart.c ****     /**USART1 GPIO Configuration
 209              		.loc 1 85 5 view .LVU60
 210 006a 039B     		ldr	r3, [sp, #12]
 211              	.LBE4:
  85:Core/Src/usart.c ****     /**USART1 GPIO Configuration
 212              		.loc 1 85 5 view .LVU61
ARM GAS  C:\Users\billa\AppData\Local\Temp\ccohD36j.s 			page 7


  90:Core/Src/usart.c ****     GPIO_InitStruct.Mode = GPIO_MODE_AF_PP;
 213              		.loc 1 90 5 view .LVU62
  90:Core/Src/usart.c ****     GPIO_InitStruct.Mode = GPIO_MODE_AF_PP;
 214              		.loc 1 90 25 is_stmt 0 view .LVU63
 215 006c 8023     		movs	r3, #128
 216 006e 2593     		str	r3, [sp, #148]
  91:Core/Src/usart.c ****     GPIO_InitStruct.Pull = GPIO_NOPULL;
 217              		.loc 1 91 5 is_stmt 1 view .LVU64
  91:Core/Src/usart.c ****     GPIO_InitStruct.Pull = GPIO_NOPULL;
 218              		.loc 1 91 26 is_stmt 0 view .LVU65
 219 0070 0226     		movs	r6, #2
 220 0072 2696     		str	r6, [sp, #152]
  92:Core/Src/usart.c ****     GPIO_InitStruct.Speed = GPIO_SPEED_FREQ_LOW;
 221              		.loc 1 92 5 is_stmt 1 view .LVU66
  92:Core/Src/usart.c ****     GPIO_InitStruct.Speed = GPIO_SPEED_FREQ_LOW;
 222              		.loc 1 92 26 is_stmt 0 view .LVU67
 223 0074 0024     		movs	r4, #0
 224              	.LVL8:
  92:Core/Src/usart.c ****     GPIO_InitStruct.Speed = GPIO_SPEED_FREQ_LOW;
 225              		.loc 1 92 26 view .LVU68
 226 0076 2794     		str	r4, [sp, #156]
  93:Core/Src/usart.c ****     GPIO_InitStruct.Alternate = GPIO_AF7_USART1;
 227              		.loc 1 93 5 is_stmt 1 view .LVU69
  93:Core/Src/usart.c ****     GPIO_InitStruct.Alternate = GPIO_AF7_USART1;
 228              		.loc 1 93 27 is_stmt 0 view .LVU70
 229 0078 2894     		str	r4, [sp, #160]
  94:Core/Src/usart.c ****     HAL_GPIO_Init(VCP_RX_GPIO_Port, &GPIO_InitStruct);
 230              		.loc 1 94 5 is_stmt 1 view .LVU71
  94:Core/Src/usart.c ****     HAL_GPIO_Init(VCP_RX_GPIO_Port, &GPIO_InitStruct);
 231              		.loc 1 94 31 is_stmt 0 view .LVU72
 232 007a 0725     		movs	r5, #7
 233 007c 2995     		str	r5, [sp, #164]
  95:Core/Src/usart.c **** 
 234              		.loc 1 95 5 is_stmt 1 view .LVU73
 235 007e 25A9     		add	r1, sp, #148
 236 0080 0A48     		ldr	r0, .L13+8
 237 0082 FFF7FEFF 		bl	HAL_GPIO_Init
 238              	.LVL9:
  97:Core/Src/usart.c ****     GPIO_InitStruct.Mode = GPIO_MODE_AF_PP;
 239              		.loc 1 97 5 view .LVU74
  97:Core/Src/usart.c ****     GPIO_InitStruct.Mode = GPIO_MODE_AF_PP;
 240              		.loc 1 97 25 is_stmt 0 view .LVU75
 241 0086 4FF40073 		mov	r3, #512
 242 008a 2593     		str	r3, [sp, #148]
  98:Core/Src/usart.c ****     GPIO_InitStruct.Pull = GPIO_NOPULL;
 243              		.loc 1 98 5 is_stmt 1 view .LVU76
  98:Core/Src/usart.c ****     GPIO_InitStruct.Pull = GPIO_NOPULL;
 244              		.loc 1 98 26 is_stmt 0 view .LVU77
 245 008c 2696     		str	r6, [sp, #152]
  99:Core/Src/usart.c ****     GPIO_InitStruct.Speed = GPIO_SPEED_FREQ_LOW;
 246              		.loc 1 99 5 is_stmt 1 view .LVU78
  99:Core/Src/usart.c ****     GPIO_InitStruct.Speed = GPIO_SPEED_FREQ_LOW;
 247              		.loc 1 99 26 is_stmt 0 view .LVU79
 248 008e 2794     		str	r4, [sp, #156]
 100:Core/Src/usart.c ****     GPIO_InitStruct.Alternate = GPIO_AF7_USART1;
 249              		.loc 1 100 5 is_stmt 1 view .LVU80
 100:Core/Src/usart.c ****     GPIO_InitStruct.Alternate = GPIO_AF7_USART1;
ARM GAS  C:\Users\billa\AppData\Local\Temp\ccohD36j.s 			page 8


 250              		.loc 1 100 27 is_stmt 0 view .LVU81
 251 0090 2894     		str	r4, [sp, #160]
 101:Core/Src/usart.c ****     HAL_GPIO_Init(VCP_TX_GPIO_Port, &GPIO_InitStruct);
 252              		.loc 1 101 5 is_stmt 1 view .LVU82
 101:Core/Src/usart.c ****     HAL_GPIO_Init(VCP_TX_GPIO_Port, &GPIO_InitStruct);
 253              		.loc 1 101 31 is_stmt 0 view .LVU83
 254 0092 2995     		str	r5, [sp, #164]
 102:Core/Src/usart.c **** 
 255              		.loc 1 102 5 is_stmt 1 view .LVU84
 256 0094 25A9     		add	r1, sp, #148
 257 0096 0648     		ldr	r0, .L13+12
 258 0098 FFF7FEFF 		bl	HAL_GPIO_Init
 259              	.LVL10:
 260              		.loc 1 108 1 is_stmt 0 view .LVU85
 261 009c C1E7     		b	.L7
 262              	.LVL11:
 263              	.L12:
  78:Core/Src/usart.c ****     }
 264              		.loc 1 78 7 is_stmt 1 view .LVU86
 265 009e FFF7FEFF 		bl	Error_Handler
 266              	.LVL12:
 267 00a2 C7E7     		b	.L9
 268              	.L14:
 269              		.align	2
 270              	.L13:
 271 00a4 00100140 		.word	1073811456
 272 00a8 00380240 		.word	1073887232
 273 00ac 00040240 		.word	1073873920
 274 00b0 00000240 		.word	1073872896
 275              		.cfi_endproc
 276              	.LFE142:
 278              		.section	.text.HAL_UART_MspDeInit,"ax",%progbits
 279              		.align	1
 280              		.global	HAL_UART_MspDeInit
 281              		.syntax unified
 282              		.thumb
 283              		.thumb_func
 285              	HAL_UART_MspDeInit:
 286              	.LVL13:
 287              	.LFB143:
 109:Core/Src/usart.c **** 
 110:Core/Src/usart.c **** void HAL_UART_MspDeInit(UART_HandleTypeDef* uartHandle)
 111:Core/Src/usart.c **** {
 288              		.loc 1 111 1 view -0
 289              		.cfi_startproc
 290              		@ args = 0, pretend = 0, frame = 0
 291              		@ frame_needed = 0, uses_anonymous_args = 0
 292              		.loc 1 111 1 is_stmt 0 view .LVU88
 293 0000 08B5     		push	{r3, lr}
 294              		.cfi_def_cfa_offset 8
 295              		.cfi_offset 3, -8
 296              		.cfi_offset 14, -4
 112:Core/Src/usart.c **** 
 113:Core/Src/usart.c ****   if(uartHandle->Instance==USART1)
 297              		.loc 1 113 3 is_stmt 1 view .LVU89
 298              		.loc 1 113 16 is_stmt 0 view .LVU90
 299 0002 0268     		ldr	r2, [r0]
ARM GAS  C:\Users\billa\AppData\Local\Temp\ccohD36j.s 			page 9


 300              		.loc 1 113 5 view .LVU91
 301 0004 094B     		ldr	r3, .L19
 302 0006 9A42     		cmp	r2, r3
 303 0008 00D0     		beq	.L18
 304              	.LVL14:
 305              	.L15:
 114:Core/Src/usart.c ****   {
 115:Core/Src/usart.c ****   /* USER CODE BEGIN USART1_MspDeInit 0 */
 116:Core/Src/usart.c **** 
 117:Core/Src/usart.c ****   /* USER CODE END USART1_MspDeInit 0 */
 118:Core/Src/usart.c ****     /* Peripheral clock disable */
 119:Core/Src/usart.c ****     __HAL_RCC_USART1_CLK_DISABLE();
 120:Core/Src/usart.c **** 
 121:Core/Src/usart.c ****     /**USART1 GPIO Configuration
 122:Core/Src/usart.c ****     PB7     ------> USART1_RX
 123:Core/Src/usart.c ****     PA9     ------> USART1_TX
 124:Core/Src/usart.c ****     */
 125:Core/Src/usart.c ****     HAL_GPIO_DeInit(VCP_RX_GPIO_Port, VCP_RX_Pin);
 126:Core/Src/usart.c **** 
 127:Core/Src/usart.c ****     HAL_GPIO_DeInit(VCP_TX_GPIO_Port, VCP_TX_Pin);
 128:Core/Src/usart.c **** 
 129:Core/Src/usart.c ****   /* USER CODE BEGIN USART1_MspDeInit 1 */
 130:Core/Src/usart.c **** 
 131:Core/Src/usart.c ****   /* USER CODE END USART1_MspDeInit 1 */
 132:Core/Src/usart.c ****   }
 133:Core/Src/usart.c **** }
 306              		.loc 1 133 1 view .LVU92
 307 000a 08BD     		pop	{r3, pc}
 308              	.LVL15:
 309              	.L18:
 119:Core/Src/usart.c **** 
 310              		.loc 1 119 5 is_stmt 1 view .LVU93
 311 000c 084A     		ldr	r2, .L19+4
 312 000e 536C     		ldr	r3, [r2, #68]
 313 0010 23F01003 		bic	r3, r3, #16
 314 0014 5364     		str	r3, [r2, #68]
 125:Core/Src/usart.c **** 
 315              		.loc 1 125 5 view .LVU94
 316 0016 8021     		movs	r1, #128
 317 0018 0648     		ldr	r0, .L19+8
 318              	.LVL16:
 125:Core/Src/usart.c **** 
 319              		.loc 1 125 5 is_stmt 0 view .LVU95
 320 001a FFF7FEFF 		bl	HAL_GPIO_DeInit
 321              	.LVL17:
 127:Core/Src/usart.c **** 
 322              		.loc 1 127 5 is_stmt 1 view .LVU96
 323 001e 4FF40071 		mov	r1, #512
 324 0022 0548     		ldr	r0, .L19+12
 325 0024 FFF7FEFF 		bl	HAL_GPIO_DeInit
 326              	.LVL18:
 327              		.loc 1 133 1 is_stmt 0 view .LVU97
 328 0028 EFE7     		b	.L15
 329              	.L20:
 330 002a 00BF     		.align	2
 331              	.L19:
 332 002c 00100140 		.word	1073811456
ARM GAS  C:\Users\billa\AppData\Local\Temp\ccohD36j.s 			page 10


 333 0030 00380240 		.word	1073887232
 334 0034 00040240 		.word	1073873920
 335 0038 00000240 		.word	1073872896
 336              		.cfi_endproc
 337              	.LFE143:
 339              		.global	huart1
 340              		.section	.bss.huart1,"aw",%nobits
 341              		.align	2
 344              	huart1:
 345 0000 00000000 		.space	136
 345      00000000 
 345      00000000 
 345      00000000 
 345      00000000 
 346              		.text
 347              	.Letext0:
 348              		.file 2 "c:\\users\\billa\\appdata\\roaming\\code\\user\\globalstorage\\bmd.stm32-for-vscode\\@xpa
 349              		.file 3 "c:\\users\\billa\\appdata\\roaming\\code\\user\\globalstorage\\bmd.stm32-for-vscode\\@xpa
 350              		.file 4 "Drivers/CMSIS/Device/ST/STM32F7xx/Include/stm32f746xx.h"
 351              		.file 5 "Drivers/STM32F7xx_HAL_Driver/Inc/stm32f7xx_hal_def.h"
 352              		.file 6 "Drivers/STM32F7xx_HAL_Driver/Inc/stm32f7xx_hal_rcc_ex.h"
 353              		.file 7 "Drivers/STM32F7xx_HAL_Driver/Inc/stm32f7xx_hal_gpio.h"
 354              		.file 8 "Drivers/STM32F7xx_HAL_Driver/Inc/stm32f7xx_hal_dma.h"
 355              		.file 9 "Drivers/STM32F7xx_HAL_Driver/Inc/stm32f7xx_hal_uart.h"
 356              		.file 10 "Core/Inc/usart.h"
 357              		.file 11 "Core/Inc/main.h"
 358              		.file 12 "<built-in>"
ARM GAS  C:\Users\billa\AppData\Local\Temp\ccohD36j.s 			page 11


DEFINED SYMBOLS
                            *ABS*:0000000000000000 usart.c
C:\Users\billa\AppData\Local\Temp\ccohD36j.s:21     .text.MX_USART1_UART_Init:0000000000000000 $t
C:\Users\billa\AppData\Local\Temp\ccohD36j.s:27     .text.MX_USART1_UART_Init:0000000000000000 MX_USART1_UART_Init
C:\Users\billa\AppData\Local\Temp\ccohD36j.s:90     .text.MX_USART1_UART_Init:0000000000000030 $d
C:\Users\billa\AppData\Local\Temp\ccohD36j.s:344    .bss.huart1:0000000000000000 huart1
C:\Users\billa\AppData\Local\Temp\ccohD36j.s:96     .text.HAL_UART_MspInit:0000000000000000 $t
C:\Users\billa\AppData\Local\Temp\ccohD36j.s:102    .text.HAL_UART_MspInit:0000000000000000 HAL_UART_MspInit
C:\Users\billa\AppData\Local\Temp\ccohD36j.s:271    .text.HAL_UART_MspInit:00000000000000a4 $d
C:\Users\billa\AppData\Local\Temp\ccohD36j.s:279    .text.HAL_UART_MspDeInit:0000000000000000 $t
C:\Users\billa\AppData\Local\Temp\ccohD36j.s:285    .text.HAL_UART_MspDeInit:0000000000000000 HAL_UART_MspDeInit
C:\Users\billa\AppData\Local\Temp\ccohD36j.s:332    .text.HAL_UART_MspDeInit:000000000000002c $d
C:\Users\billa\AppData\Local\Temp\ccohD36j.s:341    .bss.huart1:0000000000000000 $d

UNDEFINED SYMBOLS
HAL_UART_Init
Error_Handler
memset
HAL_RCCEx_PeriphCLKConfig
HAL_GPIO_Init
HAL_GPIO_DeInit
