ARM GAS  C:\Users\billa\AppData\Local\Temp\ccS2U8dk.s 			page 1


   1              		.cpu cortex-m7
   2              		.arch armv7e-m
   3              		.fpu fpv5-sp-d16
   4              		.eabi_attribute 27, 1
   5              		.eabi_attribute 28, 1
   6              		.eabi_attribute 20, 1
   7              		.eabi_attribute 21, 1
   8              		.eabi_attribute 23, 3
   9              		.eabi_attribute 24, 1
  10              		.eabi_attribute 25, 1
  11              		.eabi_attribute 26, 1
  12              		.eabi_attribute 30, 1
  13              		.eabi_attribute 34, 1
  14              		.eabi_attribute 18, 4
  15              		.file	"usart.c"
  16              		.text
  17              	.Ltext0:
  18              		.cfi_sections	.debug_frame
  19              		.file 1 "Core/Src/usart.c"
  20              		.section	.text.MX_USART1_UART_Init,"ax",%progbits
  21              		.align	1
  22              		.global	MX_USART1_UART_Init
  23              		.syntax unified
  24              		.thumb
  25              		.thumb_func
  27              	MX_USART1_UART_Init:
  28              	.LFB141:
   1:Core/Src/usart.c **** /* USER CODE BEGIN Header */
   2:Core/Src/usart.c **** /**
   3:Core/Src/usart.c ****   ******************************************************************************
   4:Core/Src/usart.c ****   * @file    usart.c
   5:Core/Src/usart.c ****   * @brief   This file provides code for the configuration
   6:Core/Src/usart.c ****   *          of the USART instances.
   7:Core/Src/usart.c ****   ******************************************************************************
   8:Core/Src/usart.c ****   * @attention
   9:Core/Src/usart.c ****   *
  10:Core/Src/usart.c ****   * Copyright (c) 2022 STMicroelectronics.
  11:Core/Src/usart.c ****   * All rights reserved.
  12:Core/Src/usart.c ****   *
  13:Core/Src/usart.c ****   * This software is licensed under terms that can be found in the LICENSE file
  14:Core/Src/usart.c ****   * in the root directory of this software component.
  15:Core/Src/usart.c ****   * If no LICENSE file comes with this software, it is provided AS-IS.
  16:Core/Src/usart.c ****   *
  17:Core/Src/usart.c ****   ******************************************************************************
  18:Core/Src/usart.c ****   */
  19:Core/Src/usart.c **** /* USER CODE END Header */
  20:Core/Src/usart.c **** /* Includes ------------------------------------------------------------------*/
  21:Core/Src/usart.c **** #include "usart.h"
  22:Core/Src/usart.c **** 
  23:Core/Src/usart.c **** /* USER CODE BEGIN 0 */
  24:Core/Src/usart.c **** 
  25:Core/Src/usart.c **** /* USER CODE END 0 */
  26:Core/Src/usart.c **** 
  27:Core/Src/usart.c **** UART_HandleTypeDef huart1;
  28:Core/Src/usart.c **** 
  29:Core/Src/usart.c **** /* USART1 init function */
  30:Core/Src/usart.c **** 
ARM GAS  C:\Users\billa\AppData\Local\Temp\ccS2U8dk.s 			page 2


  31:Core/Src/usart.c **** void MX_USART1_UART_Init(void)
  32:Core/Src/usart.c **** {
  29              		.loc 1 32 1 view -0
  30              		.cfi_startproc
  31              		@ args = 0, pretend = 0, frame = 0
  32              		@ frame_needed = 0, uses_anonymous_args = 0
  33 0000 08B5     		push	{r3, lr}
  34              		.cfi_def_cfa_offset 8
  35              		.cfi_offset 3, -8
  36              		.cfi_offset 14, -4
  33:Core/Src/usart.c **** 
  34:Core/Src/usart.c ****   /* USER CODE BEGIN USART1_Init 0 */
  35:Core/Src/usart.c **** 
  36:Core/Src/usart.c ****   /* USER CODE END USART1_Init 0 */
  37:Core/Src/usart.c **** 
  38:Core/Src/usart.c ****   /* USER CODE BEGIN USART1_Init 1 */
  39:Core/Src/usart.c **** 
  40:Core/Src/usart.c ****   /* USER CODE END USART1_Init 1 */
  41:Core/Src/usart.c ****   huart1.Instance = USART1;
  37              		.loc 1 41 3 view .LVU1
  38              		.loc 1 41 19 is_stmt 0 view .LVU2
  39 0002 0B48     		ldr	r0, .L5
  40 0004 0B4B     		ldr	r3, .L5+4
  41 0006 0360     		str	r3, [r0]
  42:Core/Src/usart.c ****   huart1.Init.BaudRate = 115200;
  42              		.loc 1 42 3 is_stmt 1 view .LVU3
  43              		.loc 1 42 24 is_stmt 0 view .LVU4
  44 0008 4FF4E133 		mov	r3, #115200
  45 000c 4360     		str	r3, [r0, #4]
  43:Core/Src/usart.c ****   huart1.Init.WordLength = UART_WORDLENGTH_8B;
  46              		.loc 1 43 3 is_stmt 1 view .LVU5
  47              		.loc 1 43 26 is_stmt 0 view .LVU6
  48 000e 0023     		movs	r3, #0
  49 0010 8360     		str	r3, [r0, #8]
  44:Core/Src/usart.c ****   huart1.Init.StopBits = UART_STOPBITS_1;
  50              		.loc 1 44 3 is_stmt 1 view .LVU7
  51              		.loc 1 44 24 is_stmt 0 view .LVU8
  52 0012 C360     		str	r3, [r0, #12]
  45:Core/Src/usart.c ****   huart1.Init.Parity = UART_PARITY_NONE;
  53              		.loc 1 45 3 is_stmt 1 view .LVU9
  54              		.loc 1 45 22 is_stmt 0 view .LVU10
  55 0014 0361     		str	r3, [r0, #16]
  46:Core/Src/usart.c ****   huart1.Init.Mode = UART_MODE_TX_RX;
  56              		.loc 1 46 3 is_stmt 1 view .LVU11
  57              		.loc 1 46 20 is_stmt 0 view .LVU12
  58 0016 0C22     		movs	r2, #12
  59 0018 4261     		str	r2, [r0, #20]
  47:Core/Src/usart.c ****   huart1.Init.HwFlowCtl = UART_HWCONTROL_NONE;
  60              		.loc 1 47 3 is_stmt 1 view .LVU13
  61              		.loc 1 47 25 is_stmt 0 view .LVU14
  62 001a 8361     		str	r3, [r0, #24]
  48:Core/Src/usart.c ****   huart1.Init.OverSampling = UART_OVERSAMPLING_16;
  63              		.loc 1 48 3 is_stmt 1 view .LVU15
  64              		.loc 1 48 28 is_stmt 0 view .LVU16
  65 001c C361     		str	r3, [r0, #28]
  49:Core/Src/usart.c ****   huart1.Init.OneBitSampling = UART_ONE_BIT_SAMPLE_DISABLE;
  66              		.loc 1 49 3 is_stmt 1 view .LVU17
ARM GAS  C:\Users\billa\AppData\Local\Temp\ccS2U8dk.s 			page 3


  67              		.loc 1 49 30 is_stmt 0 view .LVU18
  68 001e 0362     		str	r3, [r0, #32]
  50:Core/Src/usart.c ****   huart1.AdvancedInit.AdvFeatureInit = UART_ADVFEATURE_NO_INIT;
  69              		.loc 1 50 3 is_stmt 1 view .LVU19
  70              		.loc 1 50 38 is_stmt 0 view .LVU20
  71 0020 4362     		str	r3, [r0, #36]
  51:Core/Src/usart.c ****   if (HAL_UART_Init(&huart1) != HAL_OK)
  72              		.loc 1 51 3 is_stmt 1 view .LVU21
  73              		.loc 1 51 7 is_stmt 0 view .LVU22
  74 0022 FFF7FEFF 		bl	HAL_UART_Init
  75              	.LVL0:
  76              		.loc 1 51 6 view .LVU23
  77 0026 00B9     		cbnz	r0, .L4
  78              	.L1:
  52:Core/Src/usart.c ****   {
  53:Core/Src/usart.c ****     Error_Handler();
  54:Core/Src/usart.c ****   }
  55:Core/Src/usart.c ****   /* USER CODE BEGIN USART1_Init 2 */
  56:Core/Src/usart.c **** 
  57:Core/Src/usart.c ****   /* USER CODE END USART1_Init 2 */
  58:Core/Src/usart.c **** 
  59:Core/Src/usart.c **** }
  79              		.loc 1 59 1 view .LVU24
  80 0028 08BD     		pop	{r3, pc}
  81              	.L4:
  53:Core/Src/usart.c ****   }
  82              		.loc 1 53 5 is_stmt 1 view .LVU25
  83 002a FFF7FEFF 		bl	Error_Handler
  84              	.LVL1:
  85              		.loc 1 59 1 is_stmt 0 view .LVU26
  86 002e FBE7     		b	.L1
  87              	.L6:
  88              		.align	2
  89              	.L5:
  90 0030 00000000 		.word	huart1
  91 0034 00100140 		.word	1073811456
  92              		.cfi_endproc
  93              	.LFE141:
  95              		.section	.text.HAL_UART_MspInit,"ax",%progbits
  96              		.align	1
  97              		.global	HAL_UART_MspInit
  98              		.syntax unified
  99              		.thumb
 100              		.thumb_func
 102              	HAL_UART_MspInit:
 103              	.LVL2:
 104              	.LFB142:
  60:Core/Src/usart.c **** 
  61:Core/Src/usart.c **** void HAL_UART_MspInit(UART_HandleTypeDef* uartHandle)
  62:Core/Src/usart.c **** {
 105              		.loc 1 62 1 is_stmt 1 view -0
 106              		.cfi_startproc
 107              		@ args = 0, pretend = 0, frame = 168
 108              		@ frame_needed = 0, uses_anonymous_args = 0
 109              		.loc 1 62 1 is_stmt 0 view .LVU28
 110 0000 F0B5     		push	{r4, r5, r6, r7, lr}
 111              		.cfi_def_cfa_offset 20
ARM GAS  C:\Users\billa\AppData\Local\Temp\ccS2U8dk.s 			page 4


 112              		.cfi_offset 4, -20
 113              		.cfi_offset 5, -16
 114              		.cfi_offset 6, -12
 115              		.cfi_offset 7, -8
 116              		.cfi_offset 14, -4
 117 0002 ABB0     		sub	sp, sp, #172
 118              		.cfi_def_cfa_offset 192
 119 0004 0446     		mov	r4, r0
  63:Core/Src/usart.c **** 
  64:Core/Src/usart.c ****   GPIO_InitTypeDef GPIO_InitStruct = {0};
 120              		.loc 1 64 3 is_stmt 1 view .LVU29
 121              		.loc 1 64 20 is_stmt 0 view .LVU30
 122 0006 0021     		movs	r1, #0
 123 0008 2591     		str	r1, [sp, #148]
 124 000a 2691     		str	r1, [sp, #152]
 125 000c 2791     		str	r1, [sp, #156]
 126 000e 2891     		str	r1, [sp, #160]
 127 0010 2991     		str	r1, [sp, #164]
  65:Core/Src/usart.c ****   RCC_PeriphCLKInitTypeDef PeriphClkInitStruct = {0};
 128              		.loc 1 65 3 is_stmt 1 view .LVU31
 129              		.loc 1 65 28 is_stmt 0 view .LVU32
 130 0012 8422     		movs	r2, #132
 131 0014 04A8     		add	r0, sp, #16
 132              	.LVL3:
 133              		.loc 1 65 28 view .LVU33
 134 0016 FFF7FEFF 		bl	memset
 135              	.LVL4:
  66:Core/Src/usart.c ****   if(uartHandle->Instance==USART1)
 136              		.loc 1 66 3 is_stmt 1 view .LVU34
 137              		.loc 1 66 16 is_stmt 0 view .LVU35
 138 001a 2268     		ldr	r2, [r4]
 139              		.loc 1 66 5 view .LVU36
 140 001c 264B     		ldr	r3, .L13
 141 001e 9A42     		cmp	r2, r3
 142 0020 01D0     		beq	.L11
 143              	.LVL5:
 144              	.L7:
  67:Core/Src/usart.c ****   {
  68:Core/Src/usart.c ****   /* USER CODE BEGIN USART1_MspInit 0 */
  69:Core/Src/usart.c **** 
  70:Core/Src/usart.c ****   /* USER CODE END USART1_MspInit 0 */
  71:Core/Src/usart.c **** 
  72:Core/Src/usart.c ****   /** Initializes the peripherals clock
  73:Core/Src/usart.c ****   */
  74:Core/Src/usart.c ****     PeriphClkInitStruct.PeriphClockSelection = RCC_PERIPHCLK_USART1;
  75:Core/Src/usart.c ****     PeriphClkInitStruct.Usart1ClockSelection = RCC_USART1CLKSOURCE_PCLK2;
  76:Core/Src/usart.c ****     if (HAL_RCCEx_PeriphCLKConfig(&PeriphClkInitStruct) != HAL_OK)
  77:Core/Src/usart.c ****     {
  78:Core/Src/usart.c ****       Error_Handler();
  79:Core/Src/usart.c ****     }
  80:Core/Src/usart.c **** 
  81:Core/Src/usart.c ****     /* USART1 clock enable */
  82:Core/Src/usart.c ****     __HAL_RCC_USART1_CLK_ENABLE();
  83:Core/Src/usart.c **** 
  84:Core/Src/usart.c ****     __HAL_RCC_GPIOB_CLK_ENABLE();
  85:Core/Src/usart.c ****     __HAL_RCC_GPIOA_CLK_ENABLE();
  86:Core/Src/usart.c ****     /**USART1 GPIO Configuration
ARM GAS  C:\Users\billa\AppData\Local\Temp\ccS2U8dk.s 			page 5


  87:Core/Src/usart.c ****     PB7     ------> USART1_RX
  88:Core/Src/usart.c ****     PA9     ------> USART1_TX
  89:Core/Src/usart.c ****     */
  90:Core/Src/usart.c ****     GPIO_InitStruct.Pin = GPIO_PIN_7;
  91:Core/Src/usart.c ****     GPIO_InitStruct.Mode = GPIO_MODE_AF_PP;
  92:Core/Src/usart.c ****     GPIO_InitStruct.Pull = GPIO_NOPULL;
  93:Core/Src/usart.c ****     GPIO_InitStruct.Speed = GPIO_SPEED_FREQ_VERY_HIGH;
  94:Core/Src/usart.c ****     GPIO_InitStruct.Alternate = GPIO_AF7_USART1;
  95:Core/Src/usart.c ****     HAL_GPIO_Init(GPIOB, &GPIO_InitStruct);
  96:Core/Src/usart.c **** 
  97:Core/Src/usart.c ****     GPIO_InitStruct.Pin = GPIO_PIN_9;
  98:Core/Src/usart.c ****     GPIO_InitStruct.Mode = GPIO_MODE_AF_PP;
  99:Core/Src/usart.c ****     GPIO_InitStruct.Pull = GPIO_NOPULL;
 100:Core/Src/usart.c ****     GPIO_InitStruct.Speed = GPIO_SPEED_FREQ_VERY_HIGH;
 101:Core/Src/usart.c ****     GPIO_InitStruct.Alternate = GPIO_AF7_USART1;
 102:Core/Src/usart.c ****     HAL_GPIO_Init(GPIOA, &GPIO_InitStruct);
 103:Core/Src/usart.c **** 
 104:Core/Src/usart.c ****     /* USART1 interrupt Init */
 105:Core/Src/usart.c ****     HAL_NVIC_SetPriority(USART1_IRQn, 5, 0);
 106:Core/Src/usart.c ****     HAL_NVIC_EnableIRQ(USART1_IRQn);
 107:Core/Src/usart.c ****   /* USER CODE BEGIN USART1_MspInit 1 */
 108:Core/Src/usart.c **** 
 109:Core/Src/usart.c ****   /* USER CODE END USART1_MspInit 1 */
 110:Core/Src/usart.c ****   }
 111:Core/Src/usart.c **** }
 145              		.loc 1 111 1 view .LVU37
 146 0022 2BB0     		add	sp, sp, #172
 147              		.cfi_remember_state
 148              		.cfi_def_cfa_offset 20
 149              		@ sp needed
 150 0024 F0BD     		pop	{r4, r5, r6, r7, pc}
 151              	.LVL6:
 152              	.L11:
 153              		.cfi_restore_state
  74:Core/Src/usart.c ****     PeriphClkInitStruct.Usart1ClockSelection = RCC_USART1CLKSOURCE_PCLK2;
 154              		.loc 1 74 5 is_stmt 1 view .LVU38
  74:Core/Src/usart.c ****     PeriphClkInitStruct.Usart1ClockSelection = RCC_USART1CLKSOURCE_PCLK2;
 155              		.loc 1 74 46 is_stmt 0 view .LVU39
 156 0026 4023     		movs	r3, #64
 157 0028 0493     		str	r3, [sp, #16]
  75:Core/Src/usart.c ****     if (HAL_RCCEx_PeriphCLKConfig(&PeriphClkInitStruct) != HAL_OK)
 158              		.loc 1 75 5 is_stmt 1 view .LVU40
  76:Core/Src/usart.c ****     {
 159              		.loc 1 76 5 view .LVU41
  76:Core/Src/usart.c ****     {
 160              		.loc 1 76 9 is_stmt 0 view .LVU42
 161 002a 04A8     		add	r0, sp, #16
 162 002c FFF7FEFF 		bl	HAL_RCCEx_PeriphCLKConfig
 163              	.LVL7:
  76:Core/Src/usart.c ****     {
 164              		.loc 1 76 8 view .LVU43
 165 0030 0028     		cmp	r0, #0
 166 0032 3DD1     		bne	.L12
 167              	.L9:
  82:Core/Src/usart.c **** 
 168              		.loc 1 82 5 is_stmt 1 view .LVU44
 169              	.LBB2:
ARM GAS  C:\Users\billa\AppData\Local\Temp\ccS2U8dk.s 			page 6


  82:Core/Src/usart.c **** 
 170              		.loc 1 82 5 view .LVU45
  82:Core/Src/usart.c **** 
 171              		.loc 1 82 5 view .LVU46
 172 0034 214B     		ldr	r3, .L13+4
 173 0036 5A6C     		ldr	r2, [r3, #68]
 174 0038 42F01002 		orr	r2, r2, #16
 175 003c 5A64     		str	r2, [r3, #68]
  82:Core/Src/usart.c **** 
 176              		.loc 1 82 5 view .LVU47
 177 003e 5A6C     		ldr	r2, [r3, #68]
 178 0040 02F01002 		and	r2, r2, #16
 179 0044 0192     		str	r2, [sp, #4]
  82:Core/Src/usart.c **** 
 180              		.loc 1 82 5 view .LVU48
 181 0046 019A     		ldr	r2, [sp, #4]
 182              	.LBE2:
  82:Core/Src/usart.c **** 
 183              		.loc 1 82 5 view .LVU49
  84:Core/Src/usart.c ****     __HAL_RCC_GPIOA_CLK_ENABLE();
 184              		.loc 1 84 5 view .LVU50
 185              	.LBB3:
  84:Core/Src/usart.c ****     __HAL_RCC_GPIOA_CLK_ENABLE();
 186              		.loc 1 84 5 view .LVU51
  84:Core/Src/usart.c ****     __HAL_RCC_GPIOA_CLK_ENABLE();
 187              		.loc 1 84 5 view .LVU52
 188 0048 1A6B     		ldr	r2, [r3, #48]
 189 004a 42F00202 		orr	r2, r2, #2
 190 004e 1A63     		str	r2, [r3, #48]
  84:Core/Src/usart.c ****     __HAL_RCC_GPIOA_CLK_ENABLE();
 191              		.loc 1 84 5 view .LVU53
 192 0050 1A6B     		ldr	r2, [r3, #48]
 193 0052 02F00202 		and	r2, r2, #2
 194 0056 0292     		str	r2, [sp, #8]
  84:Core/Src/usart.c ****     __HAL_RCC_GPIOA_CLK_ENABLE();
 195              		.loc 1 84 5 view .LVU54
 196 0058 029A     		ldr	r2, [sp, #8]
 197              	.LBE3:
  84:Core/Src/usart.c ****     __HAL_RCC_GPIOA_CLK_ENABLE();
 198              		.loc 1 84 5 view .LVU55
  85:Core/Src/usart.c ****     /**USART1 GPIO Configuration
 199              		.loc 1 85 5 view .LVU56
 200              	.LBB4:
  85:Core/Src/usart.c ****     /**USART1 GPIO Configuration
 201              		.loc 1 85 5 view .LVU57
  85:Core/Src/usart.c ****     /**USART1 GPIO Configuration
 202              		.loc 1 85 5 view .LVU58
 203 005a 1A6B     		ldr	r2, [r3, #48]
 204 005c 42F00102 		orr	r2, r2, #1
 205 0060 1A63     		str	r2, [r3, #48]
  85:Core/Src/usart.c ****     /**USART1 GPIO Configuration
 206              		.loc 1 85 5 view .LVU59
 207 0062 1B6B     		ldr	r3, [r3, #48]
 208 0064 03F00103 		and	r3, r3, #1
 209 0068 0393     		str	r3, [sp, #12]
  85:Core/Src/usart.c ****     /**USART1 GPIO Configuration
 210              		.loc 1 85 5 view .LVU60
ARM GAS  C:\Users\billa\AppData\Local\Temp\ccS2U8dk.s 			page 7


 211 006a 039B     		ldr	r3, [sp, #12]
 212              	.LBE4:
  85:Core/Src/usart.c ****     /**USART1 GPIO Configuration
 213              		.loc 1 85 5 view .LVU61
  90:Core/Src/usart.c ****     GPIO_InitStruct.Mode = GPIO_MODE_AF_PP;
 214              		.loc 1 90 5 view .LVU62
  90:Core/Src/usart.c ****     GPIO_InitStruct.Mode = GPIO_MODE_AF_PP;
 215              		.loc 1 90 25 is_stmt 0 view .LVU63
 216 006c 8023     		movs	r3, #128
 217 006e 2593     		str	r3, [sp, #148]
  91:Core/Src/usart.c ****     GPIO_InitStruct.Pull = GPIO_NOPULL;
 218              		.loc 1 91 5 is_stmt 1 view .LVU64
  91:Core/Src/usart.c ****     GPIO_InitStruct.Pull = GPIO_NOPULL;
 219              		.loc 1 91 26 is_stmt 0 view .LVU65
 220 0070 0227     		movs	r7, #2
 221 0072 2697     		str	r7, [sp, #152]
  92:Core/Src/usart.c ****     GPIO_InitStruct.Speed = GPIO_SPEED_FREQ_VERY_HIGH;
 222              		.loc 1 92 5 is_stmt 1 view .LVU66
  92:Core/Src/usart.c ****     GPIO_InitStruct.Speed = GPIO_SPEED_FREQ_VERY_HIGH;
 223              		.loc 1 92 26 is_stmt 0 view .LVU67
 224 0074 0024     		movs	r4, #0
 225              	.LVL8:
  92:Core/Src/usart.c ****     GPIO_InitStruct.Speed = GPIO_SPEED_FREQ_VERY_HIGH;
 226              		.loc 1 92 26 view .LVU68
 227 0076 2794     		str	r4, [sp, #156]
  93:Core/Src/usart.c ****     GPIO_InitStruct.Alternate = GPIO_AF7_USART1;
 228              		.loc 1 93 5 is_stmt 1 view .LVU69
  93:Core/Src/usart.c ****     GPIO_InitStruct.Alternate = GPIO_AF7_USART1;
 229              		.loc 1 93 27 is_stmt 0 view .LVU70
 230 0078 0326     		movs	r6, #3
 231 007a 2896     		str	r6, [sp, #160]
  94:Core/Src/usart.c ****     HAL_GPIO_Init(GPIOB, &GPIO_InitStruct);
 232              		.loc 1 94 5 is_stmt 1 view .LVU71
  94:Core/Src/usart.c ****     HAL_GPIO_Init(GPIOB, &GPIO_InitStruct);
 233              		.loc 1 94 31 is_stmt 0 view .LVU72
 234 007c 0725     		movs	r5, #7
 235 007e 2995     		str	r5, [sp, #164]
  95:Core/Src/usart.c **** 
 236              		.loc 1 95 5 is_stmt 1 view .LVU73
 237 0080 25A9     		add	r1, sp, #148
 238 0082 0F48     		ldr	r0, .L13+8
 239 0084 FFF7FEFF 		bl	HAL_GPIO_Init
 240              	.LVL9:
  97:Core/Src/usart.c ****     GPIO_InitStruct.Mode = GPIO_MODE_AF_PP;
 241              		.loc 1 97 5 view .LVU74
  97:Core/Src/usart.c ****     GPIO_InitStruct.Mode = GPIO_MODE_AF_PP;
 242              		.loc 1 97 25 is_stmt 0 view .LVU75
 243 0088 4FF40073 		mov	r3, #512
 244 008c 2593     		str	r3, [sp, #148]
  98:Core/Src/usart.c ****     GPIO_InitStruct.Pull = GPIO_NOPULL;
 245              		.loc 1 98 5 is_stmt 1 view .LVU76
  98:Core/Src/usart.c ****     GPIO_InitStruct.Pull = GPIO_NOPULL;
 246              		.loc 1 98 26 is_stmt 0 view .LVU77
 247 008e 2697     		str	r7, [sp, #152]
  99:Core/Src/usart.c ****     GPIO_InitStruct.Speed = GPIO_SPEED_FREQ_VERY_HIGH;
 248              		.loc 1 99 5 is_stmt 1 view .LVU78
  99:Core/Src/usart.c ****     GPIO_InitStruct.Speed = GPIO_SPEED_FREQ_VERY_HIGH;
ARM GAS  C:\Users\billa\AppData\Local\Temp\ccS2U8dk.s 			page 8


 249              		.loc 1 99 26 is_stmt 0 view .LVU79
 250 0090 2794     		str	r4, [sp, #156]
 100:Core/Src/usart.c ****     GPIO_InitStruct.Alternate = GPIO_AF7_USART1;
 251              		.loc 1 100 5 is_stmt 1 view .LVU80
 100:Core/Src/usart.c ****     GPIO_InitStruct.Alternate = GPIO_AF7_USART1;
 252              		.loc 1 100 27 is_stmt 0 view .LVU81
 253 0092 2896     		str	r6, [sp, #160]
 101:Core/Src/usart.c ****     HAL_GPIO_Init(GPIOA, &GPIO_InitStruct);
 254              		.loc 1 101 5 is_stmt 1 view .LVU82
 101:Core/Src/usart.c ****     HAL_GPIO_Init(GPIOA, &GPIO_InitStruct);
 255              		.loc 1 101 31 is_stmt 0 view .LVU83
 256 0094 2995     		str	r5, [sp, #164]
 102:Core/Src/usart.c **** 
 257              		.loc 1 102 5 is_stmt 1 view .LVU84
 258 0096 25A9     		add	r1, sp, #148
 259 0098 0A48     		ldr	r0, .L13+12
 260 009a FFF7FEFF 		bl	HAL_GPIO_Init
 261              	.LVL10:
 105:Core/Src/usart.c ****     HAL_NVIC_EnableIRQ(USART1_IRQn);
 262              		.loc 1 105 5 view .LVU85
 263 009e 2246     		mov	r2, r4
 264 00a0 0521     		movs	r1, #5
 265 00a2 2520     		movs	r0, #37
 266 00a4 FFF7FEFF 		bl	HAL_NVIC_SetPriority
 267              	.LVL11:
 106:Core/Src/usart.c ****   /* USER CODE BEGIN USART1_MspInit 1 */
 268              		.loc 1 106 5 view .LVU86
 269 00a8 2520     		movs	r0, #37
 270 00aa FFF7FEFF 		bl	HAL_NVIC_EnableIRQ
 271              	.LVL12:
 272              		.loc 1 111 1 is_stmt 0 view .LVU87
 273 00ae B8E7     		b	.L7
 274              	.LVL13:
 275              	.L12:
  78:Core/Src/usart.c ****     }
 276              		.loc 1 78 7 is_stmt 1 view .LVU88
 277 00b0 FFF7FEFF 		bl	Error_Handler
 278              	.LVL14:
 279 00b4 BEE7     		b	.L9
 280              	.L14:
 281 00b6 00BF     		.align	2
 282              	.L13:
 283 00b8 00100140 		.word	1073811456
 284 00bc 00380240 		.word	1073887232
 285 00c0 00040240 		.word	1073873920
 286 00c4 00000240 		.word	1073872896
 287              		.cfi_endproc
 288              	.LFE142:
 290              		.section	.text.HAL_UART_MspDeInit,"ax",%progbits
 291              		.align	1
 292              		.global	HAL_UART_MspDeInit
 293              		.syntax unified
 294              		.thumb
 295              		.thumb_func
 297              	HAL_UART_MspDeInit:
 298              	.LVL15:
 299              	.LFB143:
ARM GAS  C:\Users\billa\AppData\Local\Temp\ccS2U8dk.s 			page 9


 112:Core/Src/usart.c **** 
 113:Core/Src/usart.c **** void HAL_UART_MspDeInit(UART_HandleTypeDef* uartHandle)
 114:Core/Src/usart.c **** {
 300              		.loc 1 114 1 view -0
 301              		.cfi_startproc
 302              		@ args = 0, pretend = 0, frame = 0
 303              		@ frame_needed = 0, uses_anonymous_args = 0
 304              		.loc 1 114 1 is_stmt 0 view .LVU90
 305 0000 08B5     		push	{r3, lr}
 306              		.cfi_def_cfa_offset 8
 307              		.cfi_offset 3, -8
 308              		.cfi_offset 14, -4
 115:Core/Src/usart.c **** 
 116:Core/Src/usart.c ****   if(uartHandle->Instance==USART1)
 309              		.loc 1 116 3 is_stmt 1 view .LVU91
 310              		.loc 1 116 16 is_stmt 0 view .LVU92
 311 0002 0268     		ldr	r2, [r0]
 312              		.loc 1 116 5 view .LVU93
 313 0004 0A4B     		ldr	r3, .L19
 314 0006 9A42     		cmp	r2, r3
 315 0008 00D0     		beq	.L18
 316              	.LVL16:
 317              	.L15:
 117:Core/Src/usart.c ****   {
 118:Core/Src/usart.c ****   /* USER CODE BEGIN USART1_MspDeInit 0 */
 119:Core/Src/usart.c **** 
 120:Core/Src/usart.c ****   /* USER CODE END USART1_MspDeInit 0 */
 121:Core/Src/usart.c ****     /* Peripheral clock disable */
 122:Core/Src/usart.c ****     __HAL_RCC_USART1_CLK_DISABLE();
 123:Core/Src/usart.c **** 
 124:Core/Src/usart.c ****     /**USART1 GPIO Configuration
 125:Core/Src/usart.c ****     PB7     ------> USART1_RX
 126:Core/Src/usart.c ****     PA9     ------> USART1_TX
 127:Core/Src/usart.c ****     */
 128:Core/Src/usart.c ****     HAL_GPIO_DeInit(GPIOB, GPIO_PIN_7);
 129:Core/Src/usart.c **** 
 130:Core/Src/usart.c ****     HAL_GPIO_DeInit(GPIOA, GPIO_PIN_9);
 131:Core/Src/usart.c **** 
 132:Core/Src/usart.c ****     /* USART1 interrupt Deinit */
 133:Core/Src/usart.c ****     HAL_NVIC_DisableIRQ(USART1_IRQn);
 134:Core/Src/usart.c ****   /* USER CODE BEGIN USART1_MspDeInit 1 */
 135:Core/Src/usart.c **** 
 136:Core/Src/usart.c ****   /* USER CODE END USART1_MspDeInit 1 */
 137:Core/Src/usart.c ****   }
 138:Core/Src/usart.c **** }
 318              		.loc 1 138 1 view .LVU94
 319 000a 08BD     		pop	{r3, pc}
 320              	.LVL17:
 321              	.L18:
 122:Core/Src/usart.c **** 
 322              		.loc 1 122 5 is_stmt 1 view .LVU95
 323 000c 094A     		ldr	r2, .L19+4
 324 000e 536C     		ldr	r3, [r2, #68]
 325 0010 23F01003 		bic	r3, r3, #16
 326 0014 5364     		str	r3, [r2, #68]
 128:Core/Src/usart.c **** 
 327              		.loc 1 128 5 view .LVU96
ARM GAS  C:\Users\billa\AppData\Local\Temp\ccS2U8dk.s 			page 10


 328 0016 8021     		movs	r1, #128
 329 0018 0748     		ldr	r0, .L19+8
 330              	.LVL18:
 128:Core/Src/usart.c **** 
 331              		.loc 1 128 5 is_stmt 0 view .LVU97
 332 001a FFF7FEFF 		bl	HAL_GPIO_DeInit
 333              	.LVL19:
 130:Core/Src/usart.c **** 
 334              		.loc 1 130 5 is_stmt 1 view .LVU98
 335 001e 4FF40071 		mov	r1, #512
 336 0022 0648     		ldr	r0, .L19+12
 337 0024 FFF7FEFF 		bl	HAL_GPIO_DeInit
 338              	.LVL20:
 133:Core/Src/usart.c ****   /* USER CODE BEGIN USART1_MspDeInit 1 */
 339              		.loc 1 133 5 view .LVU99
 340 0028 2520     		movs	r0, #37
 341 002a FFF7FEFF 		bl	HAL_NVIC_DisableIRQ
 342              	.LVL21:
 343              		.loc 1 138 1 is_stmt 0 view .LVU100
 344 002e ECE7     		b	.L15
 345              	.L20:
 346              		.align	2
 347              	.L19:
 348 0030 00100140 		.word	1073811456
 349 0034 00380240 		.word	1073887232
 350 0038 00040240 		.word	1073873920
 351 003c 00000240 		.word	1073872896
 352              		.cfi_endproc
 353              	.LFE143:
 355              		.global	huart1
 356              		.section	.bss.huart1,"aw",%nobits
 357              		.align	2
 360              	huart1:
 361 0000 00000000 		.space	136
 361      00000000 
 361      00000000 
 361      00000000 
 361      00000000 
 362              		.text
 363              	.Letext0:
 364              		.file 2 "Drivers/CMSIS/Device/ST/STM32F7xx/Include/stm32f746xx.h"
 365              		.file 3 "c:\\users\\billa\\appdata\\roaming\\code\\user\\globalstorage\\bmd.stm32-for-vscode\\@xpa
 366              		.file 4 "c:\\users\\billa\\appdata\\roaming\\code\\user\\globalstorage\\bmd.stm32-for-vscode\\@xpa
 367              		.file 5 "Drivers/STM32F7xx_HAL_Driver/Inc/stm32f7xx_hal_def.h"
 368              		.file 6 "Drivers/STM32F7xx_HAL_Driver/Inc/stm32f7xx_hal_rcc_ex.h"
 369              		.file 7 "Drivers/STM32F7xx_HAL_Driver/Inc/stm32f7xx_hal_gpio.h"
 370              		.file 8 "Drivers/STM32F7xx_HAL_Driver/Inc/stm32f7xx_hal_dma.h"
 371              		.file 9 "Drivers/STM32F7xx_HAL_Driver/Inc/stm32f7xx_hal_uart.h"
 372              		.file 10 "Drivers/STM32F7xx_HAL_Driver/Inc/stm32f7xx_hal_cortex.h"
 373              		.file 11 "Core/Inc/usart.h"
 374              		.file 12 "Core/Inc/main.h"
 375              		.file 13 "<built-in>"
ARM GAS  C:\Users\billa\AppData\Local\Temp\ccS2U8dk.s 			page 11


DEFINED SYMBOLS
                            *ABS*:0000000000000000 usart.c
C:\Users\billa\AppData\Local\Temp\ccS2U8dk.s:21     .text.MX_USART1_UART_Init:0000000000000000 $t
C:\Users\billa\AppData\Local\Temp\ccS2U8dk.s:27     .text.MX_USART1_UART_Init:0000000000000000 MX_USART1_UART_Init
C:\Users\billa\AppData\Local\Temp\ccS2U8dk.s:90     .text.MX_USART1_UART_Init:0000000000000030 $d
C:\Users\billa\AppData\Local\Temp\ccS2U8dk.s:360    .bss.huart1:0000000000000000 huart1
C:\Users\billa\AppData\Local\Temp\ccS2U8dk.s:96     .text.HAL_UART_MspInit:0000000000000000 $t
C:\Users\billa\AppData\Local\Temp\ccS2U8dk.s:102    .text.HAL_UART_MspInit:0000000000000000 HAL_UART_MspInit
C:\Users\billa\AppData\Local\Temp\ccS2U8dk.s:283    .text.HAL_UART_MspInit:00000000000000b8 $d
C:\Users\billa\AppData\Local\Temp\ccS2U8dk.s:291    .text.HAL_UART_MspDeInit:0000000000000000 $t
C:\Users\billa\AppData\Local\Temp\ccS2U8dk.s:297    .text.HAL_UART_MspDeInit:0000000000000000 HAL_UART_MspDeInit
C:\Users\billa\AppData\Local\Temp\ccS2U8dk.s:348    .text.HAL_UART_MspDeInit:0000000000000030 $d
C:\Users\billa\AppData\Local\Temp\ccS2U8dk.s:357    .bss.huart1:0000000000000000 $d

UNDEFINED SYMBOLS
HAL_UART_Init
Error_Handler
memset
HAL_RCCEx_PeriphCLKConfig
HAL_GPIO_Init
HAL_NVIC_SetPriority
HAL_NVIC_EnableIRQ
HAL_GPIO_DeInit
HAL_NVIC_DisableIRQ
